{"/home/khanh-ld/solashi/docker/6.production-grade/front-end/src/App.tsx": {"path":"/home/khanh-ld/solashi/docker/6.production-grade/front-end/src/App.tsx","all":false,"statementMap":{"0":{"start":{"line":1,"column":0},"end":{"line":1,"column":33}},"1":{"start":{"line":2,"column":0},"end":{"line":2,"column":43}},"2":{"start":{"line":3,"column":0},"end":{"line":3,"column":19}},"3":{"start":{"line":4,"column":0},"end":{"line":4,"column":0}},"4":{"start":{"line":5,"column":0},"end":{"line":5,"column":16}},"5":{"start":{"line":6,"column":0},"end":{"line":6,"column":40}},"6":{"start":{"line":7,"column":0},"end":{"line":7,"column":0}},"7":{"start":{"line":8,"column":0},"end":{"line":8,"column":10}},"8":{"start":{"line":9,"column":0},"end":{"line":9,"column":25}},"9":{"start":{"line":10,"column":0},"end":{"line":10,"column":11}},"10":{"start":{"line":11,"column":0},"end":{"line":11,"column":53}},"11":{"start":{"line":12,"column":0},"end":{"line":12,"column":66}},"12":{"start":{"line":13,"column":0},"end":{"line":13,"column":12}},"13":{"start":{"line":14,"column":0},"end":{"line":14,"column":54}},"14":{"start":{"line":15,"column":0},"end":{"line":15,"column":73}},"15":{"start":{"line":16,"column":0},"end":{"line":16,"column":12}},"16":{"start":{"line":17,"column":0},"end":{"line":17,"column":12}},"17":{"start":{"line":18,"column":0},"end":{"line":18,"column":30}},"18":{"start":{"line":19,"column":0},"end":{"line":19,"column":28}},"19":{"start":{"line":20,"column":0},"end":{"line":20,"column":63}},"20":{"start":{"line":21,"column":0},"end":{"line":21,"column":26}},"21":{"start":{"line":22,"column":0},"end":{"line":22,"column":17}},"22":{"start":{"line":23,"column":0},"end":{"line":23,"column":11}},"23":{"start":{"line":24,"column":0},"end":{"line":24,"column":52}},"24":{"start":{"line":25,"column":0},"end":{"line":25,"column":12}},"25":{"start":{"line":26,"column":0},"end":{"line":26,"column":12}},"26":{"start":{"line":27,"column":0},"end":{"line":27,"column":35}},"27":{"start":{"line":28,"column":0},"end":{"line":28,"column":55}},"28":{"start":{"line":29,"column":0},"end":{"line":29,"column":10}},"29":{"start":{"line":30,"column":0},"end":{"line":30,"column":10}},"30":{"start":{"line":31,"column":0},"end":{"line":31,"column":4}},"31":{"start":{"line":32,"column":0},"end":{"line":32,"column":1}},"32":{"start":{"line":33,"column":0},"end":{"line":33,"column":0}},"33":{"start":{"line":34,"column":0},"end":{"line":34,"column":19}}},"s":{"0":1,"1":1,"2":1,"3":1,"4":3,"5":3,"6":3,"7":3,"8":3,"9":3,"10":3,"11":3,"12":3,"13":3,"14":3,"15":3,"16":3,"17":3,"18":3,"19":3,"20":3,"21":3,"22":3,"23":3,"24":3,"25":3,"26":3,"27":3,"28":3,"29":3,"30":3,"31":3,"32":3,"33":1},"branchMap":{"0":{"type":"branch","line":5,"loc":{"start":{"line":5,"column":0},"end":{"line":34,"column":15}},"locations":[{"start":{"line":5,"column":0},"end":{"line":34,"column":15}}]},"1":{"type":"branch","line":20,"loc":{"start":{"line":20,"column":25},"end":{"line":20,"column":41}},"locations":[{"start":{"line":20,"column":25},"end":{"line":20,"column":41}}]}},"b":{"0":[3],"1":[1]},"fnMap":{"0":{"name":"App","decl":{"start":{"line":5,"column":0},"end":{"line":34,"column":15}},"loc":{"start":{"line":5,"column":0},"end":{"line":34,"column":15}},"line":5},"1":{"name":"onClick","decl":{"start":{"line":20,"column":25},"end":{"line":20,"column":41}},"loc":{"start":{"line":20,"column":25},"end":{"line":20,"column":41}},"line":20}},"f":{"0":3,"1":1}}
,"/home/khanh-ld/solashi/docker/6.production-grade/front-end/src/setupTests.ts": {"path":"/home/khanh-ld/solashi/docker/6.production-grade/front-end/src/setupTests.ts","all":false,"statementMap":{"0":{"start":{"line":1,"column":0},"end":{"line":1,"column":40}},"1":{"start":{"line":2,"column":0},"end":{"line":2,"column":35}},"2":{"start":{"line":3,"column":0},"end":{"line":3,"column":49}}},"s":{"0":1,"1":1,"2":1},"branchMap":{},"b":{},"fnMap":{},"f":{}}
,"/home/khanh-ld/solashi/docker/6.production-grade/front-end/src/utils/test-utils.tsx": {"path":"/home/khanh-ld/solashi/docker/6.production-grade/front-end/src/utils/test-utils.tsx","all":false,"statementMap":{"0":{"start":{"line":1,"column":0},"end":{"line":1,"column":34}},"1":{"start":{"line":2,"column":0},"end":{"line":2,"column":57}},"2":{"start":{"line":3,"column":0},"end":{"line":3,"column":26}},"3":{"start":{"line":4,"column":0},"end":{"line":4,"column":35}},"4":{"start":{"line":5,"column":0},"end":{"line":5,"column":0}},"5":{"start":{"line":6,"column":0},"end":{"line":6,"column":17}},"6":{"start":{"line":7,"column":0},"end":{"line":7,"column":12}},"7":{"start":{"line":8,"column":0},"end":{"line":8,"column":3}},"8":{"start":{"line":9,"column":0},"end":{"line":9,"column":0}},"9":{"start":{"line":10,"column":0},"end":{"line":10,"column":62}},"10":{"start":{"line":11,"column":0},"end":{"line":11,"column":14}},"11":{"start":{"line":12,"column":0},"end":{"line":12,"column":38}},"12":{"start":{"line":13,"column":0},"end":{"line":13,"column":40}},"13":{"start":{"line":14,"column":0},"end":{"line":14,"column":15}},"14":{"start":{"line":15,"column":0},"end":{"line":15,"column":5}},"15":{"start":{"line":16,"column":0},"end":{"line":16,"column":0}},"16":{"start":{"line":17,"column":0},"end":{"line":17,"column":39}},"17":{"start":{"line":18,"column":0},"end":{"line":18,"column":67}},"18":{"start":{"line":19,"column":0},"end":{"line":19,"column":25}},"19":{"start":{"line":20,"column":0},"end":{"line":20,"column":34}}},"s":{"0":1,"1":1,"2":1,"3":1,"4":1,"5":1,"6":2,"7":2,"8":1,"9":1,"10":1,"11":1,"12":1,"13":1,"14":1,"15":1,"16":1,"17":1,"18":1,"19":1},"branchMap":{"0":{"type":"branch","line":6,"loc":{"start":{"line":6,"column":10},"end":{"line":8,"column":3}},"locations":[{"start":{"line":6,"column":10},"end":{"line":8,"column":3}}]},"1":{"type":"branch","line":10,"loc":{"start":{"line":10,"column":22},"end":{"line":11,"column":9}},"locations":[{"start":{"line":10,"column":22},"end":{"line":11,"column":9}}]},"2":{"type":"branch","line":13,"loc":{"start":{"line":13,"column":14},"end":{"line":13,"column":40}},"locations":[{"start":{"line":13,"column":14},"end":{"line":13,"column":40}}]},"3":{"type":"branch","line":18,"loc":{"start":{"line":18,"column":37},"end":{"line":18,"column":67}},"locations":[{"start":{"line":18,"column":37},"end":{"line":18,"column":67}}]},"4":{"type":"branch","line":20,"loc":{"start":{"line":20,"column":25},"end":{"line":20,"column":34}},"locations":[{"start":{"line":20,"column":25},"end":{"line":20,"column":34}}]}},"b":{"0":[2],"1":[2],"2":[2],"3":[1],"4":[2]},"fnMap":{"0":{"name":"customRender","decl":{"start":{"line":10,"column":22},"end":{"line":11,"column":9}},"loc":{"start":{"line":10,"column":22},"end":{"line":11,"column":9}},"line":10},"1":{"name":"wrapper","decl":{"start":{"line":13,"column":14},"end":{"line":13,"column":40}},"loc":{"start":{"line":13,"column":14},"end":{"line":13,"column":40}},"line":13},"2":{"name":"get","decl":{"start":{"line":18,"column":37},"end":{"line":18,"column":67}},"loc":{"start":{"line":18,"column":37},"end":{"line":18,"column":67}},"line":18},"3":{"name":"get","decl":{"start":{"line":20,"column":25},"end":{"line":20,"column":34}},"loc":{"start":{"line":20,"column":25},"end":{"line":20,"column":34}},"line":20}},"f":{"0":2,"1":2,"2":1,"3":2}}
}
